<?xml version="1.0" encoding="UTF-8"?>
<testsuites name="BookAppointment" time="59.99" tests="1" failures="0" errors="0">
   <testsuite name="BookAppointment" tests="1" failures="0" errors="0" time="59.99" skipped="0" timestamp="26-11-2024T11:53:15" hostname="npewtner - CAW2200264.ca.deloitte.com" id="Test Suites/BookAppointment">
      <properties>
         <property name="deviceName"/>
         <property name="devicePlatform" value="WINDOWS"/>
         <property name="logFolder" value="C:\\Users\\npewtner\\git\\KatalonTestRepo\\Reports\\20241126_115304\\BookAppointment\\20241126_115305"/>
         <property name="logFiles" value="C:\\Users\\npewtner\\git\\KatalonTestRepo\\Reports\\20241126_115304\\BookAppointment\\20241126_115305\\execution0.log"/>
         <property name="attachments" value=""/>
         <property name="hostName" value="npewtner - CAW2200264.ca.deloitte.com"/>
         <property name="remoteDriverUrl" value="testcloud.katalon.com/hub"/>
         <property name="desiredCapabilities" value="{&#xa;  &quot;timeouts&quot;: {&#xa;    &quot;implicit&quot;: 0,&#xa;    &quot;pageLoad&quot;: 300000,&#xa;    &quot;script&quot;: 30000&#xa;  },&#xa;  &quot;se:cdpEnabled&quot;: false,&#xa;  &quot;goog:chromeOptions&quot;: {&#xa;    &quot;debuggerAddress&quot;: &quot;localhost:9225&quot;&#xa;  },&#xa;  &quot;webauthn:extension:credBlob&quot;: true,&#xa;  &quot;acceptInsecureCerts&quot;: false,&#xa;  &quot;browserVersion&quot;: &quot;132.0.0.0&quot;,&#xa;  &quot;fedcm:accounts&quot;: true,&#xa;  &quot;kt:requestId&quot;: &quot;3bebac72-45d2-4ae1-b4da-092660b764b7&quot;,&#xa;  &quot;browserName&quot;: &quot;chrome&quot;,&#xa;  &quot;platformName&quot;: &quot;WINDOWS&quot;,&#xa;  &quot;setWindowRect&quot;: true,&#xa;  &quot;webauthn:extension:largeBlob&quot;: true,&#xa;  &quot;networkConnectionEnabled&quot;: false,&#xa;  &quot;chrome&quot;: {&#xa;    &quot;chromedriverVersion&quot;: &quot;132.0.6793.2 (b39907d62aa9c705221c7f810277594a8fcda94b-refs/branch-heads/6793@{#5})&quot;,&#xa;    &quot;userDataDir&quot;: &quot;C:\\Windows\\SystemTemp\\scoped_dir464_777046662&quot;&#xa;  },&#xa;  &quot;kt:rid&quot;: &quot;3bebac72-45d2-4ae1-b4da-092660b764b7&quot;,&#xa;  &quot;pageLoadStrategy&quot;: &quot;normal&quot;,&#xa;  &quot;unhandledPromptBehavior&quot;: &quot;dismiss and notify&quot;,&#xa;  &quot;strictFileInteractability&quot;: false,&#xa;  &quot;***:loadExtension&quot;: [&#xa;    &quot;https://prod-magicleap-user-files-us-east-1-v1.s3.amazonaws.com/extensions/orgId-691279/SmartWait.zip&quot;&#xa;  ],&#xa;  &quot;se:bidiEnabled&quot;: false,&#xa;  &quot;proxy&quot;: {&#xa;    &quot;proxyType&quot;: &quot;UNSPECIFIED&quot;,&#xa;    &quot;autodetect&quot;: false&#xa;  },&#xa;  &quot;webauthn:extension:minPinLength&quot;: true,&#xa;  &quot;webauthn:extension:prf&quot;: true,&#xa;  &quot;katalon:options&quot;: {&#xa;    &quot;executionId&quot;: &quot;63ada1de-7c76-4988-ba34-ac22fb14a643&quot;,&#xa;    &quot;executionMode&quot;: &quot;queue&quot;,&#xa;    &quot;executionSessionId&quot;: &quot;3bebac72-45d2-4ae1-b4da-092660b764b7&quot;,&#xa;    &quot;metadata&quot;: {&#xa;      &quot;usingTunnel&quot;: false,&#xa;      &quot;organizationId&quot;: &quot;1701266&quot;,&#xa;      &quot;channel&quot;: &quot;kse;v\u003d10.0.0&quot;&#xa;    },&#xa;    &quot;runFromTestCloud&quot;: true,&#xa;    &quot;userId&quot;: 1612176,&#xa;    &quot;usingTunnel&quot;: true&#xa;  },&#xa;  &quot;webauthn:virtualAuthenticators&quot;: true&#xa;}"/>
         <property name="os" value="Windows 10 64bit"/>
         <property name="remoteOS" value="Windows"/>
         <property name="katalonVersion" value="10.0.0.223"/>
         <property name="browser" value="Chrome 132.0.0.0"/>
         <property name="hostAddress" value="10.0.0.229"/>
         <property name="sessionId" value="c39164f72cf33ff196ee217742888cf3"/>
         <property name="seleniumVersion" value="4.22.0"/>
         <property name="proxyInformation" value="ProxyInformation { proxyOption=NO_PROXY, proxyServerType=HTTP, username=, password=********, proxyServerAddress=, proxyServerPort=0, executionList=&quot;&quot;, isApplyToDesiredCapabilities=true }"/>
         <property name="platform" value="Windows 10"/>
      </properties>
      <testcase name="Test Cases/BookAppointment" time="59.642" classname="Test Cases/BookAppointment" status="PASSED">
         <system-out><![CDATA[26-11-2024T11:53:15 - [TEST_CASE][PASSED] - Test Cases/BookAppointment: Test Cases/BookAppointment

26-11-2024T11:53:16 - [TEST_STEP][PASSED] - openBrowser(""): Browser is opened with url: ''

26-11-2024T11:53:16 - [MESSAGE][INFO] - User set preference: ['browserVersion', '132']

26-11-2024T11:53:16 - [MESSAGE][INFO] - User set preference: ['browserName', 'chrome']

26-11-2024T11:53:16 - [MESSAGE][INFO] - User set preference: ['platformName', 'windows']

26-11-2024T11:53:16 - [MESSAGE][INFO] - User set preference: ['katalon:options', '{metadata={organizationId=1701266, accountId=1425899, channel=kse;v=10.0.0}, tunnelId=, executionMode=queue, usingTunnel=true}']

26-11-2024T11:53:16 - [MESSAGE][INFO] - Connecting to remote web server 'testcloud.katalon.com/hub' with type 'Selenium'

26-11-2024T11:53:17 - [MESSAGE][INFO] - Action delay is set to 0 milliseconds

26-11-2024T11:54:04 - [MESSAGE][WARNING] - Your browser version or type does not support the BiDirectional WebDriver Protocol which is required for Smart Locator functionality. Please update your browser or switch to a compatible one.

26-11-2024T11:54:04 - [MESSAGE][WARNING] - Your browser version or type does not support the BiDirectional WebDriver Protocol which is required for Smart Wait functionality. Please update your browser or switch to a compatible one.

26-11-2024T11:54:05 - [MESSAGE][PASSED] - Browser is opened with url: ''

26-11-2024T11:54:05 - [TEST_STEP][PASSED] - navigateToUrl("https://katalon-demo-cura.herokuapp.com/"): Navigate to 'https://katalon-demo-cura.herokuapp.com/' successfully

26-11-2024T11:54:05 - [MESSAGE][PASSED] - Navigate to 'https://katalon-demo-cura.herokuapp.com/' successfully

26-11-2024T11:54:05 - [TEST_STEP][PASSED] - click(findTestObject("Object Repository/BookAppointment/Page_CURA Healthcare Service/a_Make Appointment")): Object: 'Object Repository/BookAppointment/Page_CURA Healthcare Service/a_Make Appointment' is clicked on

26-11-2024T11:54:07 - [MESSAGE][PASSED] - Object: 'Object Repository/BookAppointment/Page_CURA Healthcare Service/a_Make Appointment' is clicked on

26-11-2024T11:54:07 - [TEST_STEP][PASSED] - click(findTestObject("Object Repository/BookAppointment/Page_CURA Healthcare Service/button_Login")): Object: 'Object Repository/BookAppointment/Page_CURA Healthcare Service/button_Login' is clicked on

26-11-2024T11:54:07 - [MESSAGE][PASSED] - Object: 'Object Repository/BookAppointment/Page_CURA Healthcare Service/button_Login' is clicked on

26-11-2024T11:54:07 - [TEST_STEP][PASSED] - setText(findTestObject("Object Repository/BookAppointment/Page_CURA Healthcare Service/input_Username_username"), "John Doe"): Text 'John Doe' is set on object 'Object Repository/BookAppointment/Page_CURA Healthcare Service/input_Username_username'

26-11-2024T11:54:08 - [MESSAGE][PASSED] - Text 'John Doe' is set on object 'Object Repository/BookAppointment/Page_CURA Healthcare Service/input_Username_username'

26-11-2024T11:54:08 - [TEST_STEP][PASSED] - setEncryptedText(findTestObject("Object Repository/BookAppointment/Page_CURA Healthcare Service/input_Password_password"), "g3/DOGG74jC3Flrr3yH+3D/yKbOqqUNM"): Text ****** has been set on object 'Object Repository/BookAppointment/Page_CURA Healthcare Service/input_Password_password'

26-11-2024T11:54:09 - [MESSAGE][PASSED] - Text ****** has been set on object 'Object Repository/BookAppointment/Page_CURA Healthcare Service/input_Password_password'

26-11-2024T11:54:09 - [TEST_STEP][PASSED] - click(findTestObject("Object Repository/BookAppointment/Page_CURA Healthcare Service/button_Login")): Object: 'Object Repository/BookAppointment/Page_CURA Healthcare Service/button_Login' is clicked on

26-11-2024T11:54:10 - [MESSAGE][PASSED] - Object: 'Object Repository/BookAppointment/Page_CURA Healthcare Service/button_Login' is clicked on

26-11-2024T11:54:10 - [TEST_STEP][PASSED] - click(findTestObject("Object Repository/BookAppointment/Page_CURA Healthcare Service/span_Visit Date (Required)_glyphicon glyphi_cada34")): Object: 'Object Repository/BookAppointment/Page_CURA Healthcare Service/span_Visit Date (Required)_glyphicon glyphi_cada34' is clicked on

26-11-2024T11:54:10 - [MESSAGE][PASSED] - Object: 'Object Repository/BookAppointment/Page_CURA Healthcare Service/span_Visit Date (Required)_glyphicon glyphi_cada34' is clicked on

26-11-2024T11:54:10 - [TEST_STEP][PASSED] - click(findTestObject("Object Repository/BookAppointment/Page_CURA Healthcare Service/td_29")): Object: 'Object Repository/BookAppointment/Page_CURA Healthcare Service/td_29' is clicked on

26-11-2024T11:54:11 - [MESSAGE][PASSED] - Object: 'Object Repository/BookAppointment/Page_CURA Healthcare Service/td_29' is clicked on

26-11-2024T11:54:11 - [TEST_STEP][PASSED] - setText(findTestObject("Object Repository/BookAppointment/Page_CURA Healthcare Service/textarea_Comment_comment"), "Tasha's Test"): Text 'Tasha's Test' is set on object 'Object Repository/BookAppointment/Page_CURA Healthcare Service/textarea_Comment_comment'

26-11-2024T11:54:11 - [MESSAGE][PASSED] - Text 'Tasha's Test' is set on object 'Object Repository/BookAppointment/Page_CURA Healthcare Service/textarea_Comment_comment'

26-11-2024T11:54:11 - [TEST_STEP][PASSED] - click(findTestObject("Object Repository/BookAppointment/Page_CURA Healthcare Service/button_Book Appointment")): Object: 'Object Repository/BookAppointment/Page_CURA Healthcare Service/button_Book Appointment' is clicked on

26-11-2024T11:54:12 - [MESSAGE][PASSED] - Object: 'Object Repository/BookAppointment/Page_CURA Healthcare Service/button_Book Appointment' is clicked on

26-11-2024T11:54:12 - [TEST_STEP][PASSED] - click(findTestObject("Object Repository/BookAppointment/Page_CURA Healthcare Service/a_Go to Homepage")): Object: 'Object Repository/BookAppointment/Page_CURA Healthcare Service/a_Go to Homepage' is clicked on

26-11-2024T11:54:13 - [MESSAGE][PASSED] - Object: 'Object Repository/BookAppointment/Page_CURA Healthcare Service/a_Go to Homepage' is clicked on

26-11-2024T11:54:13 - [TEST_STEP][PASSED] - click(findTestObject("Object Repository/BookAppointment/Page_CURA Healthcare Service/i_CURA Healthcare_fa fa-bars")): Object: 'Object Repository/BookAppointment/Page_CURA Healthcare Service/i_CURA Healthcare_fa fa-bars' is clicked on

26-11-2024T11:54:13 - [MESSAGE][PASSED] - Object: 'Object Repository/BookAppointment/Page_CURA Healthcare Service/i_CURA Healthcare_fa fa-bars' is clicked on

26-11-2024T11:54:13 - [TEST_STEP][PASSED] - click(findTestObject("Object Repository/BookAppointment/Page_CURA Healthcare Service/a_Logout")): Object: 'Object Repository/BookAppointment/Page_CURA Healthcare Service/a_Logout' is clicked on

26-11-2024T11:54:14 - [MESSAGE][PASSED] - Object: 'Object Repository/BookAppointment/Page_CURA Healthcare Service/a_Logout' is clicked on

26-11-2024T11:54:14 - [TEST_STEP][PASSED] - closeBrowser(): Browser is closed

26-11-2024T11:54:15 - [MESSAGE][PASSED] - Browser is closed]]></system-out>
         <system-err><![CDATA[]]></system-err>
      </testcase>
      <system-out><![CDATA[26-11-2024T11:53:15 - [TEST_SUITE][PASSED] - BookAppointment: Test Cases/BookAppointment]]></system-out>
      <system-err><![CDATA[]]></system-err>
   </testsuite>
</testsuites>
