<?xml version="1.0" encoding="UTF-8"?>
<testsuites name="SelfHealing2" time="8.752" tests="1" failures="0" errors="0">
   <testsuite name="SelfHealing2" tests="1" failures="0" errors="0" time="8.752" skipped="0" timestamp="26-11-2024T15:57:53" hostname="npewtner - CAW2200264.ca.deloitte.com" id="Test Suites/SelfHealing2">
      <properties>
         <property name="deviceName" value=""/>
         <property name="devicePlatform"/>
         <property name="logFolder" value="C:\\Users\\npewtner\\git\\KatalonTestRepo\\Reports\\20241126_155747\\SelfHealing2\\20241126_155747"/>
         <property name="logFiles" value="C:\\Users\\npewtner\\git\\KatalonTestRepo\\Reports\\20241126_155747\\SelfHealing2\\20241126_155747\\execution0.log"/>
         <property name="attachments" value=""/>
         <property name="hostName" value="npewtner - CAW2200264.ca.deloitte.com"/>
         <property name="os" value="Windows 10 64bit"/>
         <property name="katalonVersion" value="10.0.0.223"/>
         <property name="browser" value="Chrome 131.0.0.0"/>
         <property name="hostAddress" value="10.53.223.164"/>
         <property name="sessionId" value="4bfafc82f76f4a87eb6850db8d6d21bf"/>
         <property name="seleniumVersion" value="4.22.0"/>
         <property name="proxyInformation" value="ProxyInformation { proxyOption=NO_PROXY, proxyServerType=HTTP, username=, password=********, proxyServerAddress=, proxyServerPort=0, executionList=&quot;&quot;, isApplyToDesiredCapabilities=true }"/>
         <property name="platform" value="Windows 10"/>
      </properties>
      <testcase name="Test Cases/SelfHealing2" time="8.48" classname="Test Cases/SelfHealing2" status="PASSED">
         <system-out><![CDATA[26-11-2024T15:57:54 - [TEST_CASE][PASSED] - Test Cases/SelfHealing2: Test Cases/SelfHealing2

26-11-2024T15:57:54 - [TEST_STEP][PASSED] - openBrowser(""): Browser is opened with url: ''

26-11-2024T15:57:55 - [MESSAGE][INFO] - Starting 'Chrome' driver

26-11-2024T15:57:55 - [MESSAGE][INFO] - Action delay is set to 0 milliseconds

26-11-2024T15:57:58 - [MESSAGE][PASSED] - Browser is opened with url: ''

26-11-2024T15:57:58 - [TEST_STEP][PASSED] - navigateToUrl("https://katalon-demo-cura.herokuapp.com/"): Navigate to 'https://katalon-demo-cura.herokuapp.com/' successfully

26-11-2024T15:57:59 - [MESSAGE][PASSED] - Navigate to 'https://katalon-demo-cura.herokuapp.com/' successfully

26-11-2024T15:57:59 - [TEST_STEP][PASSED] - click(findTestObject("Object Repository/SelfHealing2/Page_CURA Healthcare Service/a_Make Appointment")): Object: 'Object Repository/SelfHealing2/Page_CURA Healthcare Service/a_Make Appointment' is clicked on

26-11-2024T15:57:59 - [MESSAGE][PASSED] - Object: 'Object Repository/SelfHealing2/Page_CURA Healthcare Service/a_Make Appointment' is clicked on

26-11-2024T15:57:59 - [TEST_STEP][PASSED] - setText(findTestObject("Object Repository/SelfHealing2/Page_CURA Healthcare Service/input_Username_username"), "John Does"): Text 'John Does' is set on object 'Object Repository/SelfHealing2/Page_CURA Healthcare Service/input_Username_username'

26-11-2024T15:58:00 - [MESSAGE][PASSED] - Text 'John Does' is set on object 'Object Repository/SelfHealing2/Page_CURA Healthcare Service/input_Username_username'

26-11-2024T15:58:00 - [TEST_STEP][PASSED] - setEncryptedText(findTestObject("Object Repository/SelfHealing2/Page_CURA Healthcare Service/input_Password_password"), "g3/DOGG74jC3Flrr3yH+3D/yKbOqqUNM"): Text ****** has been set on object 'Object Repository/SelfHealing2/Page_CURA Healthcare Service/input_Password_password'

26-11-2024T15:58:01 - [MESSAGE][PASSED] - Text ****** has been set on object 'Object Repository/SelfHealing2/Page_CURA Healthcare Service/input_Password_password'

26-11-2024T15:58:01 - [TEST_STEP][PASSED] - click(findTestObject("Object Repository/SelfHealing2/Page_CURA Healthcare Service/button_Login")): Object: 'Object Repository/SelfHealing2/Page_CURA Healthcare Service/button_Login' is clicked on

26-11-2024T15:58:01 - [MESSAGE][PASSED] - Object: 'Object Repository/SelfHealing2/Page_CURA Healthcare Service/button_Login' is clicked on

26-11-2024T15:58:01 - [TEST_STEP][PASSED] - click(findTestObject("Object Repository/SelfHealing2/Page_CURA Healthcare Service/a_CURA Healthcare_menu-toggle")): Object: 'Object Repository/SelfHealing2/Page_CURA Healthcare Service/a_CURA Healthcare_menu-toggle' is clicked on

26-11-2024T15:58:02 - [MESSAGE][PASSED] - Object: 'Object Repository/SelfHealing2/Page_CURA Healthcare Service/a_CURA Healthcare_menu-toggle' is clicked on

26-11-2024T15:58:02 - [TEST_STEP][PASSED] - click(findTestObject("Object Repository/SelfHealing2/Page_CURA Healthcare Service/a_Login")): Object: 'Object Repository/SelfHealing2/Page_CURA Healthcare Service/a_Login' is clicked on

26-11-2024T15:58:02 - [MESSAGE][PASSED] - Object: 'Object Repository/SelfHealing2/Page_CURA Healthcare Service/a_Login' is clicked on

26-11-2024T15:58:02 - [TEST_STEP][PASSED] - closeBrowser(): Browser is closed

26-11-2024T15:58:02 - [MESSAGE][PASSED] - Browser is closed]]></system-out>
         <system-err><![CDATA[]]></system-err>
      </testcase>
      <system-out><![CDATA[26-11-2024T15:57:53 - [TEST_SUITE][PASSED] - SelfHealing2: Test Cases/SelfHealing2]]></system-out>
      <system-err><![CDATA[]]></system-err>
   </testsuite>
</testsuites>
